<?xml version="1.0" encoding="UTF-8"?>
<!-- Generated by org.testng.reporters.JUnitXMLReporter -->
<testsuite ignored="0" hostname="Muhammads-MacBook-Pro.local" failures="8" tests="8" name="Command line test" time="7.831" errors="0" timestamp="2024-05-20T21:50:18 PKT">
  <testcase classname="com.mdm.tests.ValidateMemriReportContent" name="beforeClass" time="7.829">
    <failure type="java.lang.NoClassDefFoundError" message="Could not initialize class java.nio.charset.StandardCharsets">
      <![CDATA[java.lang.NoClassDefFoundError: Could not initialize class java.nio.charset.StandardCharsets
at com.mdm.tests.ValidateMemriReportContent.beforeClass(ValidateMemriReportContent.java:27)
at java.base/java.util.ArrayList.forEach(ArrayList.java:1596)
at com.mdm.tests.ValidateMemriReportContent.beforeClass(ValidateMemriReportContent.java:27)
at java.base/java.util.ArrayList.forEach(ArrayList.java:1596)
at com.intellij.rt.testng.IDEARemoteTestNG.run(IDEARemoteTestNG.java:65)
at com.intellij.rt.testng.RemoteTestNGStarter.main(RemoteTestNGStarter.java:105)
... Removed 48 stack frames]]>
    </failure>
  </testcase> <!-- beforeClass -->
  <testcase classname="com.mdm.tests.ValidateMemriReportContent" name="testCSVHeaderValidationCbfDifferencesReport" time="0.0">
    <failure type="java.lang.NoClassDefFoundError" message="Could not initialize class java.nio.charset.StandardCharsets">
      <![CDATA[java.lang.NoClassDefFoundError: Could not initialize class java.nio.charset.StandardCharsets
at com.mdm.tests.ValidateMemriReportContent.testCSVHeaderValidationCbfDifferencesReport(ValidateMemriReportContent.java:222)
at java.base/java.util.ArrayList.forEach(ArrayList.java:1596)
at com.mdm.tests.ValidateMemriReportContent.beforeClass(ValidateMemriReportContent.java:27)
at java.base/java.util.ArrayList.forEach(ArrayList.java:1596)
at com.intellij.rt.testng.IDEARemoteTestNG.run(IDEARemoteTestNG.java:65)
at com.intellij.rt.testng.RemoteTestNGStarter.main(RemoteTestNGStarter.java:105)
... Removed 44 stack frames]]>
    </failure>
  </testcase> <!-- testCSVHeaderValidationCbfDifferencesReport -->
  <testcase classname="com.mdm.tests.ValidateMemriReportContent" name="testCSVHeaderValidationNotFoundInMdm" time="0.0">
    <failure type="java.lang.NoClassDefFoundError" message="Could not initialize class java.nio.charset.StandardCharsets">
      <![CDATA[java.lang.NoClassDefFoundError: Could not initialize class java.nio.charset.StandardCharsets
at com.mdm.tests.ValidateMemriReportContent.testCSVHeaderValidationNotFoundInMdm(ValidateMemriReportContent.java:71)
at java.base/java.util.ArrayList.forEach(ArrayList.java:1596)
at com.mdm.tests.ValidateMemriReportContent.beforeClass(ValidateMemriReportContent.java:27)
at java.base/java.util.ArrayList.forEach(ArrayList.java:1596)
at com.intellij.rt.testng.IDEARemoteTestNG.run(IDEARemoteTestNG.java:65)
at com.intellij.rt.testng.RemoteTestNGStarter.main(RemoteTestNGStarter.java:105)
... Removed 44 stack frames]]>
    </failure>
  </testcase> <!-- testCSVHeaderValidationNotFoundInMdm -->
  <testcase classname="com.mdm.tests.ValidateMemriReportContent" name="testCSVHeaderValidationReportCount" time="0.0">
    <failure type="java.lang.NoClassDefFoundError" message="Could not initialize class java.nio.charset.StandardCharsets">
      <![CDATA[java.lang.NoClassDefFoundError: Could not initialize class java.nio.charset.StandardCharsets
at com.mdm.tests.ValidateMemriReportContent.testCSVHeaderValidationReportCount(ValidateMemriReportContent.java:261)
at java.base/java.util.ArrayList.forEach(ArrayList.java:1596)
at com.mdm.tests.ValidateMemriReportContent.beforeClass(ValidateMemriReportContent.java:27)
at java.base/java.util.ArrayList.forEach(ArrayList.java:1596)
at com.intellij.rt.testng.IDEARemoteTestNG.run(IDEARemoteTestNG.java:65)
at com.intellij.rt.testng.RemoteTestNGStarter.main(RemoteTestNGStarter.java:105)
... Removed 44 stack frames]]>
    </failure>
  </testcase> <!-- testCSVHeaderValidationReportCount -->
  <testcase classname="com.mdm.tests.ValidateMemriReportContent" name="testCSVHeaderValidationTabulated" time="0.0">
    <failure type="java.lang.NoClassDefFoundError" message="Could not initialize class java.nio.charset.StandardCharsets">
      <![CDATA[java.lang.NoClassDefFoundError: Could not initialize class java.nio.charset.StandardCharsets
at com.mdm.tests.ValidateMemriReportContent.testCSVHeaderValidationTabulated(ValidateMemriReportContent.java:129)
at java.base/java.util.ArrayList.forEach(ArrayList.java:1596)
at com.mdm.tests.ValidateMemriReportContent.beforeClass(ValidateMemriReportContent.java:27)
at java.base/java.util.ArrayList.forEach(ArrayList.java:1596)
at com.intellij.rt.testng.IDEARemoteTestNG.run(IDEARemoteTestNG.java:65)
at com.intellij.rt.testng.RemoteTestNGStarter.main(RemoteTestNGStarter.java:105)
... Removed 44 stack frames]]>
    </failure>
  </testcase> <!-- testCSVHeaderValidationTabulated -->
  <testcase classname="com.mdm.tests.ValidateMemriReportContent" name="testCSVHeaderValidationTabulatedDifferenceReport" time="0.0">
    <failure type="java.lang.NoClassDefFoundError" message="Could not initialize class java.nio.charset.StandardCharsets">
      <![CDATA[java.lang.NoClassDefFoundError: Could not initialize class java.nio.charset.StandardCharsets
at com.mdm.tests.ValidateMemriReportContent.testCSVHeaderValidationTabulatedDifferenceReport(ValidateMemriReportContent.java:176)
at java.base/java.util.ArrayList.forEach(ArrayList.java:1596)
at com.mdm.tests.ValidateMemriReportContent.beforeClass(ValidateMemriReportContent.java:27)
at java.base/java.util.ArrayList.forEach(ArrayList.java:1596)
at com.intellij.rt.testng.IDEARemoteTestNG.run(IDEARemoteTestNG.java:65)
at com.intellij.rt.testng.RemoteTestNGStarter.main(RemoteTestNGStarter.java:105)
... Removed 44 stack frames]]>
    </failure>
  </testcase> <!-- testCSVHeaderValidationTabulatedDifferenceReport -->
  <testcase classname="com.mdm.tests.ValidateMemriReportContent" name="testFileCount" time="0.0">
    <failure type="java.lang.NoClassDefFoundError" message="Could not initialize class java.nio.charset.StandardCharsets">
      <![CDATA[java.lang.NoClassDefFoundError: Could not initialize class java.nio.charset.StandardCharsets
at com.mdm.tests.ValidateMemriReportContent.testFileCount(ValidateMemriReportContent.java:33)
at java.base/java.util.ArrayList.forEach(ArrayList.java:1596)
at com.mdm.tests.ValidateMemriReportContent.beforeClass(ValidateMemriReportContent.java:27)
at java.base/java.util.ArrayList.forEach(ArrayList.java:1596)
at com.intellij.rt.testng.IDEARemoteTestNG.run(IDEARemoteTestNG.java:65)
at com.intellij.rt.testng.RemoteTestNGStarter.main(RemoteTestNGStarter.java:105)
... Removed 44 stack frames]]>
    </failure>
  </testcase> <!-- testFileCount -->
  <testcase classname="com.mdm.tests.ValidateMemriReportContent" name="testFilePathTimestamp" time="0.0">
    <failure type="java.lang.NoClassDefFoundError" message="Could not initialize class java.time.format.DateTimeFormatter">
      <![CDATA[java.lang.NoClassDefFoundError: Could not initialize class java.time.format.DateTimeFormatter
at com.mdm.tests.ValidateMemriReportContent.testFilePathTimestamp(ValidateMemriReportContent.java:56)
at java.base/java.util.ArrayList.forEach(ArrayList.java:1596)
at com.mdm.tests.ValidateMemriReportContent.beforeClass(ValidateMemriReportContent.java:27)
at java.base/java.util.ArrayList.forEach(ArrayList.java:1596)
at com.intellij.rt.testng.IDEARemoteTestNG.run(IDEARemoteTestNG.java:65)
at com.intellij.rt.testng.RemoteTestNGStarter.main(RemoteTestNGStarter.java:105)
... Removed 44 stack frames]]>
    </failure>
  </testcase> <!-- testFilePathTimestamp -->
</testsuite> <!-- Command line test -->
